make.exe all --print-data-base --no-builtin-variables --no-builtin-rules --question
# GNU Make 3.82.90
# Built for i686-pc-mingw32
# Copyright (C) 1988-2012 Free Software Foundation, Inc.
# License GPLv3+: GNU GPL version 3 or later <http://gnu.org/licenses/gpl.html>
# This is free software: you are free to change and redistribute it.
# There is NO WARRANTY, to the extent permitted by law.
 

# Make data base, printed on Wed Mar 29 15:32:03 2023

# Variables

# automatic
<D = $(patsubst %/,%,$(patsubst %\,%,$(dir $<)))
# automatic
?F = $(notdir $?)
# environment
OMP_WAIT_POLICY = PASSIVE
# default
.SHELLFLAGS := -c
# environment
VSCODE_CRASH_REPORTER_PROCESS_TYPE = extensionHost
# makefile
MAKEFLAGS = Rrqp
# automatic
?D = $(patsubst %/,%,$(patsubst %\,%,$(dir $?)))
# environment
PT8HOME = C:\Program Files\Cisco Packet Tracer 8.2.0
# makefile (from 'Makefile', line 8)
INCLUDES = -I$(SDLINC_DIR) 

# automatic
@D = $(patsubst %/,%,$(patsubst %\,%,$(dir $@)))
# environment
HOMEDRIVE = C:
# automatic
@F = $(notdir $@)
# automatic
^D = $(patsubst %/,%,$(patsubst %\,%,$(dir $^)))
# makefile
CURDIR := c:/Users/Marwan/Desktop/LE VRAI PROJET/DARICKVSTHEWORLD/ProgrammeMatheo
# makefile
SHELL = C:/Program Files/Git/usr/bin/sh.exe
# environment
CONFIG_SITE = C:/Program Files/Git/etc/config.site
# environment
WINDIR = C:\Windows
# environment
VSCODE_NLS_CONFIG = {"locale":"fr-fr","availableLanguages":{"*":"fr"},"_languagePackId":"253ddc3663b7050a7fa71b28cd271f7b.fr","_translationsConfigFile":"C:\\Users\\Marwan\\AppData\\Roaming\\Code\\clp\\253ddc3663b7050a7fa71b28cd271f7b.fr\\tcf.json","_cacheRoot":"C:\\Users\\Marwan\\AppData\\Roaming\\Code\\clp\\253ddc3663b7050a7fa71b28cd271f7b.fr","_corruptedFile":"C:\\Users\\Marwan\\AppData\\Roaming\\Code\\clp\\253ddc3663b7050a7fa71b28cd271f7b.fr\\corrupted.info","_resolvedLanguagePackCoreLocation":"C:\\Users\\Marwan\\AppData\\Roaming\\Code\\clp\\253ddc3663b7050a7fa71b28cd271f7b.fr\\ee2b180d582a7f601fa6ecfdad8d9fd269ab1884","_languagePackSupport":true}
# environment
VBOX_MSI_INSTALL_PATH = C:\Program Files\Oracle\VirtualBox\
# makefile (from 'Makefile', line 2)
CFLAGS = -Wall
# environment
ONEDRIVE = C:\Users\Marwan\OneDrive
# environment
PATHEXT = .COM;.EXE;.BAT;.CMD;.VBS;.VBE;.JS;.JSE;.WSF;.WSH;.MSC
# makefile (from 'Makefile', line 1)
MAKEFILE_LIST :=  Makefile
# environment
FPS_BROWSER_USER_PROFILE_STRING = Default
# makefile (from 'Makefile', line 3)
SDL_DIR = C:/SDL2
# environment
TMP = C:\Users\Marwan\AppData\Local\Temp
# environment
PROGRAMW6432 = C:\Program Files
# environment
INFOPATH = C:\Program Files\Git\usr\local\info;C:\Program Files\Git\usr\share\info;C:\Program Files\Git\usr\info;C:\Program Files\Git\share\info
# environment
PROGRAMDATA = C:\ProgramData
# environment
MSYSTEM_CHOST = x86_64-w64-mingw32
# environment
VSCODE_CWD = C:\Users\Marwan\Desktop\LE VRAI PROJET\DARICKVSTHEWORLD\ProgrammeMatheo
# environment
PATH = C:\Users\Marwan\bin;C:\Program Files\Git\mingw64\bin;C:\Program Files\Git\usr\local\bin;C:\Program Files\Git\usr\bin;C:\Program Files\Git\usr\bin;C:\Program Files\Git\mingw64\bin;C:\Program Files\Git\usr\bin;C:\Users\Marwan\bin;C:\Program Files\Microsoft\jdk-11.0.16.101-hotspot\bin;C:\Program Files\Common Files\Oracle\Java\javapath;C:\Program Files (x86)\Common Files\Oracle\Java\javapath;C:\ProgramData\Oracle\Java\javapath;C:\Windows\system32;C:\Windows;C:\Windows\System32\Wbem;C:\Windows\System32\WindowsPowerShell\v1.0;C:\Windows\System32\OpenSSH;C:\Program Files (x86)\NVIDIA Corporation\PhysX\Common;C:\Program Files\dotnet;C:\TDM-GCC-64\bin;C:\Program Files\Go\bin;C:\Program Files\nodejs;C;C:\MinGW\bin;C:\Program Files\Git\cmd;C:\Program Files\Microsoft SQL Server\150\Tools\Binn;C:\Program Files (x86)\IncrediBuild;C:\Users\Marwan\AppData\Local\Programs\Python\Python37\Scripts;C:\Users\Marwan\AppData\Local\Programs\Python\Python37;C:\Users\Marwan\AppData\Local\Microsoft\WindowsApps;C:\Users\Marwan\AppData\Local\Programs\Microsoft VS Code\bin;C:\Users\Marwan\AppData\Local\atom\bin;C:\Users\Marwan\go\bin;C:\Users\Marwan\AppData\Roaming\npm;C:\Program Files (x86)\Dr. Memory\bin;C:\Users\Marwan\AppData\Local\JetBrains\Toolbox\scripts;C:\Users\Marwan\.dotnet\tools;C:\Program Files\Git\usr\bin\vendor_perl;C:\Program Files\Git\usr\bin\core_perl
# environment
COMMONPROGRAMW6432 = C:\Program Files\Common Files
# environment
_ = C:/Users/Marwan/AppData/Local/Programs/Microsoft VS Code/Code.exe
# environment
LC_ALL = C
# environment
PROCESSOR_ARCHITECTURE = x86
# environment
USERPROFILE = C:\Users\Marwan
# environment
MSYSTEM_CARCH = x86_64
# environment
EXEPATH = C:\Program Files\Git
# environment
ALLUSERSPROFILE = C:\ProgramData
# environment
GOPATH = C:\Users\Marwan\go
# environment
PLINK_PROTOCOL = ssh
# environment
MSYSTEM_PREFIX = C:/Program Files/Git/mingw64
# environment
NUMBER_OF_PROCESSORS = 16
# environment
ELECTRON_RUN_AS_NODE = 1
# environment
ORIGINAL_TEMP = C:/Users/Marwan/AppData/Local/Temp
# default
.FEATURES := target-specific order-only second-expansion else-if shortest-stem undefine oneshell archives jobserver
# environment
SDL = C:\Users\Marwan\Downloads\sdl\SDL2-2.26.2\include
# automatic
%F = $(notdir $%)
# environment
DISPLAY = needs-to-be-defined
# environment
CHROME_CRASHPAD_PIPE_NAME = \\.\pipe\LOCAL\crashpad_19564_VVGAPJPQKQNMVPOJ
# environment
ORIGINAL_PATH = C:\Program Files\Git\mingw64\bin;C:\Program Files\Git\usr\bin;C:\Users\Marwan\bin;C:\Program Files\Microsoft\jdk-11.0.16.101-hotspot\bin;C:\Program Files\Common Files\Oracle\Java\javapath;C:\Program Files (x86)\Common Files\Oracle\Java\javapath;C:\ProgramData\Oracle\Java\javapath;C:\Windows\system32;C:\Windows;C:\Windows\System32\Wbem;C:\Windows\System32\WindowsPowerShell\v1.0;C:\Windows\System32\OpenSSH;C:\Program Files (x86)\NVIDIA Corporation\PhysX\Common;C:\Program Files\dotnet;C:\TDM-GCC-64\bin;C:\Program Files\Go\bin;C:\Program Files\nodejs;C;C:\MinGW\bin;C:\Program Files\Git\cmd;C:\Program Files\Microsoft SQL Server\150\Tools\Binn;C:\Program Files (x86)\IncrediBuild;C:\Users\Marwan\AppData\Local\Programs\Python\Python37\Scripts;C:\Users\Marwan\AppData\Local\Programs\Python\Python37;C:\Users\Marwan\AppData\Local\Microsoft\WindowsApps;C:\Users\Marwan\AppData\Local\Programs\Microsoft VS Code\bin;C:\Users\Marwan\AppData\Local\atom\bin;C:\Users\Marwan\go\bin;C:\Users\Marwan\AppData\Roaming\npm;C:\Program Files (x86)\Dr. Memory\bin;C:\Users\Marwan\AppData\Local\JetBrains\Toolbox\scripts;C:\Users\Marwan\.dotnet\tools
# environment
COMPUTERNAME = DESKTOP-AK2PHGC
# environment
PWD = C:/Users/Marwan/Desktop/LE VRAI PROJET/DARICKVSTHEWORLD/ProgrammeMatheo
# makefile (from 'Makefile', line 4)
SDLLIB_DIR = $(SDL_DIR)/lib
# environment
PROGRAMFILES = C:\Program Files (x86)
# environment
DRIVERDATA = C:\Windows\System32\Drivers\DriverData
# environment
PKG_CONFIG_PATH = C:\Program Files\Git\mingw64\lib\pkgconfig;C:\Program Files\Git\mingw64\share\pkgconfig
# environment
ORIGINAL_XDG_CURRENT_DESKTOP = undefined
# environment
USERNAME = Marwan
# environment
PUBLIC = C:\Users\Public
# environment
MANPATH = C:\Program Files\Git\mingw64\local\man;C:\Program Files\Git\mingw64\share\man;C:\Program Files\Git\usr\local\man;C:\Program Files\Git\usr\share\man;C:\Program Files\Git\usr\man;C:\Program Files\Git\share\man
# environment
VSCODE_AMD_ENTRYPOINT = vs/workbench/api/node/extensionHostProcess
# environment
HOME = C:\Users\Marwan
# environment
VSCODE_CLI = 1
# environment
VSCODE_CODE_CACHE_PATH = C:\Users\Marwan\AppData\Roaming\Code\CachedData\ee2b180d582a7f601fa6ecfdad8d9fd269ab1884
# environment
APPLICATIO 
N_INSIGHTS_NO_DIAGNOSTIC_CHANNEL = 1
# environment
COMMONPROGRAMFILES = C:\Program Files (x86)\Common Files
# environment
LOGONSERVER = \\DESKTOP-AK2PHGC
# environment
VSCODE_HANDLES_UNCAUGHT_ERRORS = true
# environment
USERDOMAIN = DESKTOP-AK2PHGC
# environment
HOSTNAME = DESKTOP-AK2PHGC
# environment
MAKELEVEL := 0
# environment
SSH_ASKPASS = C:/Program Files/Git/mingw64/bin/git-askpass.exe
# default
MAKE = $(MAKE_COMMAND)
# default
MAKECMDGOALS := all
# environment
SHLVL = 2
# makefile (from 'Makefile', line 1)
CC = gcc
# environment
ACLOCAL_PATH = C:\Program Files\Git\mingw64\share\aclocal;C:\Program Files\Git\usr\share\aclocal
# environment
VSCODE_CRASH_REPORTER_SANDBOXED_HINT = 1
# default
MAKE_VERSION := 3.82.90
# environment
MINGW_CHOST = x86_64-w64-mingw32
# makefile
.DEFAULT_GOAL := all
# environment
PROGRAMFILES(X86) = C:\Program Files (x86)
# automatic
%D = $(patsubst %/,%,$(patsubst %\,%,$(dir $%)))
# environment
LOCALAPPDATA = C:\Users\Marwan\AppData\Local
# environment
PSMODULEPATH = C:\Program Files\WindowsPowerShell\Modules;C:\Windows\system32\WindowsPowerShell\v1.0\Modules
# default
MAKE_COMMAND := make.exe
# environment
PROCESSOR_ARCHITEW6432 = AMD64
# default
.VARIABLES := 
# environment
TMPDIR = C:\Users\Marwan\AppData\Local\Temp
# automatic
*F = $(notdir $*)
# environment
PROCESSOR_IDENTIFIER = Intel64 Family 6 Model 167 Stepping 1, GenuineIntel
# environment
OS = Windows_NT
# environment
VSCODE_IPC_HOOK = \\.\pipe\464ad8ecc2d7e1ff50b83a5e294a6478-1.76.2-main-sock
# environment
KMP_BLOCKTIME = 0
# environment
HOMEPATH = \Users\Marwan
# environment
COMMONPROGRAMFILES(X86) = C:\Program Files (x86)\Common Files
# environment
PROMPT = $P$G
# environment
MFLAGS = -Rrqp
# automatic
*D = $(patsubst %/,%,$(patsubst %\,%,$(dir $*)))
# environment
ORIGINAL_TMP = C:/Users/Marwan/AppData/Local/Temp
# environment
SYSTEMROOT = C:\Windows
# automatic
+D = $(patsubst %/,%,$(patsubst %\,%,$(dir $+)))
# environment
MINGW_PREFIX = C:/Program Files/Git/mingw64
# automatic
+F = $(notdir $+)
# environment
APPDATA 
 = C:\Users\Marwan\AppData\Roaming
# environment
TEMP = C:\Users\Marwan\AppData\Local\Temp
# environment
COMSPEC = C:\Windows\system32\cmd.exe
# environment
MSYSTEM = MINGW64
# default
MAKEFILES := 
# automatic
<F = $(notdir $<)
# makefile (from 'Makefile', line 5)
SDLINC_DIR = $(SDL_DIR)/include
# environment
ELECTRON_NO_ATTACH_CONSOLE = 1
# makefile (from 'Makefile', line 7)
LIBS = -L$(SDLLIB_DIR) -lSDL2 -lSDL2_ttf -lSDL2_image
# automatic
^F = $(notdir $^)
# default
SUFFIXES := 
# environment
SYSTEMDRIVE = C:
# environment
SESSIONNAME = Console
# environment
PROCESSOR_REVISION = a701
# default
.INCLUDE_DIRS = C:/MinGW/include
# default
.RECIPEPREFIX := 
# environment
LANG = C
# environment
PROCESSOR_LEVEL = 6
# environment
TERM = xterm-256color
# environment
FPS_BROWSER_APP_PROFILE_STRING = Internet Explorer
# environment
VSCODE_PID = 19564
# environment
MINGW_PACKAGE_PREFIX = mingw-w64-x86_64
# environment
USERDOMAIN_ROAMINGPROFILE = DESKTOP-AK2PHGC
# variable set hash-table stats:
# Load=129/1024=13%, Rehash=0, Collisions=20/159=13%

# Pattern-specific Variable Values

# No pattern-specific variable values.

# Directories

# C:\Program Files\Git\usr\bin (key C:/Program Files/Git/usr/bin, mtime 1677580232): 306 files, no impossibilities so far.
# . (key c:/Users/Marwan/Desktop/LE VRAI PROJET/DARICKVSTHEWORLD/ProgrammeMatheo, mtime 1680096719): 50 files, no impossibilities.
# C:\Program Files\Git\usr\local\bin: could not be stat'd.
# C:\Users\Marwan\bin: could not be stat'd.
# C:\Program Files\Git\mingw64\bin (key C:/Program Files/Git/mingw64/bin, mtime 1677580233): 109 files, no impossibilities.

# 465 files, no impossibilities in 5 directories.

# Implicit Rules

# No implicit rules.

# Files

# Not a target:
name.c:
#  Implicit rule search has been done.
#  Last modified 2023-03-29 15:26:11
#  File has been updated.
#  Successfully updated.

# Not a target:
move.c:
#  Implicit rule search has been done.
#  Last modified 2023-03-29 15:26:11
#  File has been updated.
#  Successfully updated.

inventaire.o: inventaire.c
#  Implicit rule search has not been done.
#  Last modified 2023-03-29 15:31:33
#  File has been updated.
#  Successfully updated.
#  recipe to execute (from 'Makefile', line 22):
	$(CC) $(CFLAGS) -c inventaire.c $(INCLUDES)

all: jeu
#  Command line target.
#  Implicit rule search has been done.
#  File does not exist.
#  File has been updated.
#  Needs to be updated (-q is set).
# variable set hash-table stats:
# Load=0/32=0%, Rehash=0, Collisions=0/11=0%

# Not a target:
main.c:
#  Implicit rule search has been done.
#  Last modified 2023-03-29 15:26:11
#  File has been updated.
#  Successfully updated.

# Not a target:
.SUFFIXES:
#  Implicit rule search has not been done.
#  Modification time never checked.
#  File has not been updated.

# Not a target:
Makefile:
#  Implicit rule search has been done.
#  Last modified 2023-03-29 15:31:28
#  File has been updated.
#  Successfully updated.

# Not a target:
menu.c:
#  Implicit rule search has been done.
#  Last modified 2023-03-29 15:26:11
#  File has been updated.
#  Successfully updated.

outil.o: outil.c
#  Implicit rule search has not been done.
#  Last modified 2023-03-29 15:31:35
#  File has been updated.
#  Successfully updated.
#  recipe to execute (from 'Makefile', line 40):
	$(CC) $(CFLAGS) -c outil.c $(INCLUDES)

action.o: action.c
#  Implicit rule search has not been done.
#  Last modified 2023-03-29 15:31:34
#  File has been updated.
#  Successfully updated.
#  recipe to execute (from 'Makefile', line 34):
	$(CC) $(CFLAGS) -c action.c $ 
(INCLUDES)

# Not a target:
inventaire.c:
#  Implicit rule search has been done.
#  Last modified 2023-03-29 15:26:11
#  File has been updated.
#  Successfully updated.

personnage.o: personnage.c
#  Implicit rule search has not been done.
#  Last modified 2023-03-29 15:31:34
#  File has been updated.
#  Successfully updated.
#  recipe to execute (from 'Makefile', line 28):
	$(CC) $(CFLAGS) -c personnage.c $(INCLUDES)

mob.o: mob.c
#  Implicit rule search has not been done.
#  Last modified 2023-03-29 15:31:34
#  File has been updated.
#  Successfully updated.
#  recipe to execute (from 'Makefile', line 31):
	$(CC) $(CFLAGS) -c mob.c $(INCLUDES)

jeu: menu.o move.o inventaire.o main.o personnage.o mob.o action.o name.o outil.o
#  Implicit rule search has not been done.
#  Implicit/static pattern stem: ''
#  File does not exist.
#  File has been updated.
#  Needs to be updated (-q is set).
# automatic
# @ := jeu
# automatic
# % := 
# automatic
# * := 
# automatic
# + := menu.o move.o inventaire.o main.o personnage.o mob.o action.o name.o outil.o
# automatic
# | := 
# automatic
# < := menu.o
# automatic
# ^ := menu.o move.o inventaire.o main.o personnage.o mob.o action.o name.o outil.o
# automatic
# ? := menu.o move.o inventaire.o main.o personnage.o mob.o action.o name.o outil.o
# variable set hash-table stats:
# Load=8/32=25%, Rehash=0, Collisions=1/19=5%
#  recipe to execute (from 'Makefile', line 13):
	$(CC) $(CFLAGS) menu.o move.o inventaire.o main.o personnage.o mob.o action.o name.o outil.o -o jeu.exe -lm  
-lmingw32 $(LIBS) $(INCLUDES) 

# Not a target:
.DEFAULT:
#  Implicit rule search has not been done.
#  Modification time never checked.
#  File has not been updated.

clean:
#  Implicit rule search has not been done.
#  Modification time never checked.
#  File has not been updated.
#  recipe to execute (from 'Makefile', line 43):
	rm -f *.o jeu

name.o: name.c
#  Implicit rule search has not been done.
#  Last modified 2023-03-29 15:31:34
#  File has been updated.
#  Successfully updated.
#  recipe to execute (from 'Makefile', line 37):
	$(CC) $(CFLAGS) -c name.c $(INCLUDES)

move.o: move.c
#  Implicit rule search has not been done.
#  Last modified 2023-03-29 15:31:33
#  File has been updated.
#  Successfully updated.
#  recipe to execute (from 'Makefile', line 19):
	$(CC) $(CFLAGS) -c move.c $(INCLUDES)

# Not a target:
outil.c:
#  Implicit rule search has been done.
#  Last modified 2023-03-29 15:26:11
#  File has been updated.
#  Successfully updated.

# Not a target:
action.c:
#  Implicit rule search ha 
s been done.
#  Last modified 2023-03-29 15:26:11
#  File has been updated.
#  Successfully updated.

# Not a target:
personnage.c:
#  Implicit rule search has been done.
#  Last modified 2023-03-29 15:26:11
#  File has been updated.
#  Successfully updated.

main.o: main.c
#  Implicit rule search has not been done.
#  Last modified 2023-03-29 15:31:34
#  File has been updated.
#  Successfully updated.
#  recipe to execute (from 'Makefile', line 25):
	$(CC) $(CFLAGS) -c main.c $(INCLUDES)

# Not a target:
mob.c:
#  Implicit rule search has been done.
#  Last modified 2023-03-29 15:26:11
#  File has been updated.
#  Successfully updated.

menu.o: menu.c
#  Implicit rule search has not been done.
#  Last modified 2023-03-29 15:31:33
#  File has been updated.
#  Successfully updated.
#  recipe to execute (from 'Makefile', line 16):
	$(CC) $(CFLAGS) -c menu.c $(INCLUDES)

# files hash-table stats:
# Load=24/1024=2%, Rehash=0, Collisions=1/65=2%
# VPATH Search Paths

# No 'vpath' search paths.

# No general ('VPATH' variable) search path.

# strcache buffers: 1 (0) / strings = 453 / storage = 5833 B / avg = 12 B
# current buf: size = 8174 B / used = 5833 B / count = 453 / avg = 12 B

# strcache performance: lookups = 520 / hit rate = 12%
# hash-table stats:
# Load=453/8192=6%, Rehash=0, Collisions=28/520=5%
# Finished Make data base on Wed Mar 29 15:32:03 2023

 
