make.exe all --print-data-base --no-builtin-variables --no-builtin-rules --question
# GNU Make 3.82.90
# Built for i686-pc-mingw32
# Copyright (C) 1988-2012 Free Software Foundation, Inc.
# License GPLv3+: GNU GPL version 3 or later <http://gnu.org/licenses/gpl.html>
# This is free software: you are free to change and redistribute it.
# There is NO WARRANTY, to the extent permitted by law.
 

# Make data base, printed on Thu Mar 30 06:48:14 2023

# Variables

# automatic
<D = $(patsubst %/,%,$(patsubst %\,%,$(dir $<)))
# automatic
?F = $(notdir $?)
# environment
OMP_WAIT_POLICY = PASSIVE
# default
.SHELLFLAGS := -c
# environment
VSCODE_CRASH_REPORTER_PROCESS_TYPE = extensionHost
# makefile
MAKEFLAGS = Rrqp
# automatic
?D = $(patsubst %/,%,$(patsubst %\,%,$(dir $?)))
# makefile (from 'Makefile', line 8)
INCLUDES = -I$(SDLINC_DIR)
# automatic
@D = $(patsubst %/,%,$(patsubst %\,%,$(dir $@)))
# environment
HOMEDRIVE = C:
# automatic
@F = $(notdir $@)
# automatic
^D = $(patsubst %/,%,$(patsubst %\,%,$(dir $^)))
# makefile
CURDIR := c:/Users/Marwan/Desktop/LE VRAI PROJET/DARICKVSTHEWORLD/ProgrammeMarwan
# default
SHELL := sh.exe
# environment
WINDIR = C:\Windows
# environment
VSCODE_NLS_CONFIG = {"locale":"fr-fr","availableLanguages":{"*":"fr"},"_languagePackId":"253ddc3663b7050a7fa71b28cd271f7b.fr","_translationsConfigFile":"C:\\Users\\Marwan\\AppData\\Roaming\\Code\\clp\\253ddc3663b7050a7fa71b28cd271f7b.fr\\tcf.json","_cacheRoot":"C:\\Users\\Marwan\\AppData\\Roaming\\Code\\clp\\253ddc3663b7050a7fa71b28cd271f7b.fr","_corruptedFile":"C:\\Users\\Marwan\\AppData\\Roaming\\Code\\clp\\253ddc3663b7050a7fa71b28cd271f7b.fr\\corrupted.info","_resolvedLanguagePackCoreLocation":"C:\\Users\\Marwan\\AppData\\Roaming\\Code\\clp\\253ddc3663b7050a7fa71b28cd271f7b.fr\\ee2b180d582a7f601fa6ecfdad8d9fd269ab1884","_languagePackSupport":true}
# environment
VBOX_MSI_INSTALL_PATH = C:\Program Files\Oracle\VirtualBox\
# makefile (from 'Makefile', line 2)
CFLAGS = -Wall
# environment
ONEDRIVE = C:\Users\Marwan\OneDrive
# environment
PATHEXT = .COM;.EXE;.BAT;.CMD;.VBS;.VBE;.JS;.JSE;.WSF;.WSH;.MSC
# makefile (from 'Makefile', line 1)
MAKEFILE_LIST :=  Makefile
# environment
FPS_BROWSER_USER_PROFILE_STRING = Default
# makefile (from 'Makefile', line 3)
SDL_DIR = C:/SDL2
# environment
TMP = C:\Users\Marwan\AppData\Local\Temp
# environment
PROGRAMW6432 = C:\Program Files
# environment
PROGRAMDATA = C:\ProgramData
# environment
VSCODE_CWD = C:\Users\Marwan\AppData\Local\Programs\Microsoft VS Code
# environment
PATH = C:\Program Files\Microsoft\jdk-11.0.16.101-hotspot\bin;C:\Program Files\Common Files\Oracle\Java\javapath;C:\Program Files (x86)\Common Files\Oracle\Java\javapath;C:\ProgramData\Oracle\Java\javapath;C:\Windows\system32;C:\Windows;C:\Windows\System32\Wbem;C:\Windows\System32\WindowsPowerShell\v1.0\;C:\Windows\System32\OpenSSH\;C:\Program Files (x86)\NVIDIA Corporation\PhysX\Common;C:\Program Files\dotnet\;C:\TDM-GCC-64\bin;C:\Program Files\Go\bin;C:\Program Files\nodejs\;C;C:\MinGW\bin;C:\Program Files\Git\cmd;C:\Program Files\Microsoft SQL Server\150\Tools\Binn\;C:\Program Files (x86)\IncrediBuild;C:\Users\Marwan\AppData\Local\Programs\Python\Python37\Scripts\;C:\Users\Marwan\AppData\Local\Programs\Python\Python37\;C:\Users\Marwan\AppData\Local\Microsoft\WindowsApps;C:\Users\Marwan\AppData\Local\Programs\Microsoft VS Code\bin;C:\Users\Marwan\AppData\Local\atom\bin;C:\Users\Marwan\go\bin;C:\Users\Marwan\AppData\Roaming\npm;C:\Program Files (x86)\Dr. Memory\bin\;C:\Users\Marwan\AppData\Local\JetBrains\Toolbox\scripts;C:\Users\Marwan\.dotnet\tools
# environment
COMMONPROGRAMW6432 = C:\Program Files\Common Files
# environment
PROCESSOR_ARCHITECTURE = x86
# environment
USERPROFILE = C:\Users\Marwan
# environment
ALLUSERSPROFILE = C:\ProgramData
# environment
GOPATH = C:\Users\Marwan\go
# environment
NUMBER_OF_PROCESSORS = 16
# environment
ELECTRON_RUN_AS_NODE = 1
# default
.FEATURES := target-specific order-only second-expansion else-if shortest-stem undefine oneshell archives jobserver
# environment
SDL = C:\Users\Marwan\Downloads\sdl\SDL2-2.26.2\include
# automatic
%F = $(notdir $%)
# environment
CHROME_CRASHPAD_PIPE_NAME = \\.\pipe\LOCAL\crashpad_1736_REUDYLUQVYCDGXHX
# environment
COMPUTERNAME = DESKTOP-AK2PHGC
# makefile (from 'Makefile', line 4)
SDLLIB_DIR = $(SDL_DIR)/lib
# environment
PROGRAMFILES = C:\Program Files (x86)
# environment
DRIVERDATA = C:\Windows\System32\Drivers\DriverData
# environment
ORIGINAL_XDG_CURRENT_DESKTOP = undefined
# environment
USERNAME = Marwan
# environment
PUBLIC = C:\Users\Public
# environment
VSCODE_AMD_ENTRYPOINT = vs/workbench/api/node/extensionHostProcess
# environment
VSCODE_CODE_CACHE_PATH = C:\Users\Marwan\AppData\Roaming\Code\CachedData\ee2b180d582a7f601fa6ecfdad8d9fd269ab1884
# environment
APPLICATION_INSIGHTS_NO_DIAGNOSTIC_CHANNEL = 1
# environment
COMMONPROGRAMFILES = C:\Program Files (x86)\Common Files
# environment
LOGONSERVER = \\DESKTOP-AK2PHGC
# environment
VSCODE_HANDLES_UNCAUGHT_ERRORS = true
# environment
USERDOMAIN = DESKTOP-AK2PHGC
# environment
MAKELEVEL := 0
# default
MAKE = $(MAKE_COMMAND)
# default
MAKECMDGOALS := all
# makefile (from 'Makefile', line 1)
CC = gcc
# environment
VSCODE_CRASH_REPORTER_SANDBOXED_HINT = 1
# default
MAKE_VERSION := 3.82.90
# makefile
.DEFAULT_GOAL := all
# environment
PROGRAMFILES(X86) = C:\Program Files (x86)
# automatic
%D = $(patsubst %/,%,$(patsubst %\,%,$(dir $%)))
# environment
LOCALAPPDATA = C:\Users\Marwan\AppData\Local
# environment
PSMODULEPATH = C:\Program Files\WindowsPowerShell\Modules;C:\Windows\system32\WindowsPowerShell\v1.0\Modules
# default
MAKE_COMMAND := make.exe
# environment
PROCESSOR_ARCHITEW6432 = AMD64
# default
.VARIABLES := 
# automatic
*F = $(notdir $*)
# environment
PROCESSOR_IDENTIFIER = Intel64 Family 6 Model 167 Stepping 1, GenuineIntel
# environment
OS = Windows_NT
# environment
VSCODE_IPC_HOOK = \\.\pipe\464ad8ecc2d7e1ff50b83a5e294a6478-1.76.2-main-sock
# environment
KMP_BLOCKTIME = 0
# environment
HOMEPATH = \Users\Marwan
# environment
COMMONPROGRAMFILES(X86) = C:\Program Files (x86)\Common Files
# environment
PROMPT = $P$G
# environment
MFLAGS = -Rrqp
# automatic
*D = $(patsubst %/,%,$(patsubst %\,%,$(dir $*)))
# environment
PT8HOME = C:\Program Files\Cisco Packet Tracer 8.2.0
# environment
SYSTEMROOT = C:\Windows
# automatic
+D = $(patsubst %/,%,$(patsubst %\,%,$(dir $+)))
# environment
VSCODE_L10N_BUNDLE_LOCATION = file:///c%3A/Users/Marwan/.vscode/extensions/ms-ceintl.vscode-language-pack-fr-1.76.2023031509/translations/extensions/vscode.json-language-features.i18n.json
# automatic
+F = $(notdir $+)
# environment
APPDATA = C:\Users\Marwan\AppData\Roaming
# environment
TEMP = C:\Users\Marwan\AppData\Local\Temp
# environment
COMSPEC = C:\Windows\system32\cmd.exe
# makefile (from 'Makefile', line 5)
SDLINC_DIR = $(SDL_DIR)/include
# default
MAKEFILES := 
# automatic
<F = $(notdir $<)
# environment
LC_ALL = C
# makefile (from 'Makefile', line 7)
LIBS = -L$(SDLLIB_DIR) -lSDL2 -lSDL2_ttf -lSDL2_image
# automatic
^F = $(notdir $^)
# default
SUFFIXES := 
# environment
SYSTEMDRIVE = C:
# environment
SESSIONNAME = Console
# environment
PROCESSOR_REVISION = a701
# default
.INCLUDE_DIRS = C:/MinGW/include
# default
.RECIPEPREFIX := 
# environment
LANG = C
# environment
PROCESSOR_LEVEL = 6
# environment
FPS_BROWSER_APP_PROFILE_STRING = Internet Explorer
# environment
VSCODE_PID = 1736
# environment
USERDOMAIN_ROAMINGPROFILE = DESKTOP-AK2PHGC
# variable set hash-table stats:
# Load=102/1024=10%, Rehash=0, Collisions=13/129=10%

# Pattern-specific Variable Values

# No pattern-specific variable values.

# Directories

# C:\Program Files\Microsoft\jdk-11.0.16.101-hotspot\bin (key C:/Program Files/Microsoft/jdk-11.0.16.101-hotspot/bin, mtime 1678640023): 126 files, no impossibilities.
# C:\Users\Marwan\AppData\Local\Programs\Microsoft VS Code\bin (key C:/Users/Marwan/AppData/Local/Programs/Microsoft VS Code/bin, mtime 1678902905): 5 files, no impossibilities.
# C:\Users\Marwan\AppData\Local\Programs\Python\Python37\ (key C:/Users/Marwan/AppData/Local/Programs/Python/Python37/, mtime 1641239889): 18 files, no impossibilities.
# C:\ProgramData\Oracle\Java\javapath (key C:/ProgramData/Oracle/Java/javapath, mtime 1638485154): 5 files, no impossibilities.
# C:\Users\Marwan\AppData\Local\Programs\Python\Python37\Scripts\ (key C:/Users/Marwan/AppData/Local/Programs/Python/Python37/Scripts/, mtime 1678826324): 8 files, no impossibilities.
# C:\Users\Marwan\AppData\Local\JetBrains\Toolbox\scripts (key C:/Users/Marwan/AppData/Local/JetBrains/Toolbox/scripts, mtime 1680149333): 3 files, no impossibilities.
# C:\Windows\System32\WindowsPowerShell\v1.0\ (key C:/Windows/System32/WindowsPowerShell/v1.0/, mtime 1664055391): 32 files, no impossibilities.
# C:\Users\Marwan\.dotnet\tools: could not be stat'd.
# . (key c:/Users/Marwan/Desktop/LE VRAI PROJET/DARICKVSTHEWORLD/ProgrammeMarwan, mtime 1680151661): 61 files, no impossibilities.
# C:\Program Files (x86)\Common Files\Oracle\Java\javapath (key C:/Program Files (x86)/Common Files/Oracle/Java/javapath, mtime 1638484964): 5 files, no impossibilities.
# C: could not be stat'd.
# C:\Program Files\Microsoft SQL Server\150\Tools\Binn\ (key C:/Program Files/Microsoft SQL Server/150/Tools/Binn/, mtime 1678639248): 4 files, no impossibilities.
# C:\Program Files (x86)\Dr. Memory\bin\ (key C:/Program Files (x86)/Dr. Memory/bin/, mtime 1673909998): 28 files, no impossibilities.
# C:\TDM-GCC-64\bin (key C:/TDM-GCC-64/bin, mtime 1639693419): 61 files, no impossibilities.
# C:\Program Files\Git\cmd (key C:/Program Files/Git/cmd, mtime 1677580233): 8 files, no impossibilities.
# C:\Windows\System32\OpenSSH\: could not be stat'd.
# C:\MinGW\bin (key C:/MinGW/bin, mtime 1679775889): 132 files, no impossibilities.
# C:\Program Files (x86)\NVIDIA Corporation\PhysX\Common (key C:/Program Files (x86)/NVIDIA Corporation/PhysX/Common, mtime 1638379250): 10 files, no impossibilities.
# C:\Program Files\nodejs\ (key C:/Program Files/nodejs/, mtime 1664044476): 13 files, no impossibilities.
# C:\Users\Marwan\AppData\Local\atom\bin (key C:/Users/Marwan/AppData/Local/atom/bin, mtime 1645471473): 6 files, no impossibilities.
# C:\Windows (key C:/Windows, mtime 1679735299): 115 files, no impossibilities.
# C:\Program Files\Go\bin (key C:/Program Files/Go/bin, mtime 1664044442): 4 files, no impossibilities.
# C:\Users\Marwan\go\bin: could not be stat'd.
# C:\Windows\System32\Wbem (key C:/Windows/System32/Wbem, mtime 1678916275): 171 files, no impossibilities.
# C:\Program Files (x86)\IncrediBuild (key C:/Program Files (x86)/IncrediBuild, mtime 1678640220): 123 files, no impossibilities.
# C:\Program Files\Common Files\Oracle\Java\javapath (key C:/Program Files/Common Files/Oracle/Java/javapath, mtime 1648909239): 6 files, no impossibilities.
# C:\Users\Marwan\AppData\Roaming\npm (key C:/Users/Marwan/AppData/Roaming/npm, mtime 1664044474): 2 files, no impossibilities.
# C:\Program Files\dotnet\ (key C:/Program Files/dotnet/, mtime 1678639349): 13 files, no impossibilities.
# C:\Windows\system32 (key C:/Windows/system32, mtime 1680149703): 3085 files, no impossibilities.
# C:\Users\Marwan\AppData\Local\Microsoft\WindowsApps (key C:/Users/Marwan/AppData/Local/Microsoft/WindowsApps, mtime 1679735052): 30 files, no impossibilities.

# 4074 files, no impossibilities in 30 directories.

# Implicit Rules

# No implicit rules.

# Files

jeu.exe: menu.o move.o inventaire.o main.o personnage.o mob.o action.o name.o outil.o bossFight.o deplacementCyclope.o deplacementRantanplan.o
#  Implicit rule search has not been done.
#  File does not exist.
#  File has been updated.
#  Needs to be updated (-q is set).
# variable set hash-table stats:
# Load=0/32=0%, Rehash=0, Collisions=0/8=0%
#  recipe to execute (from 'Makefile', line 13):
	$(CC) $(CFLAGS) menu.o move.o inventaire.o main.o personnage.o mob.o action.o name.o outil.o bossFight.o deplacementCyclope.o deplacementRantanplan.o -o jeu.exe -lm -lmingw32 $(LIBS) $(INCLUDES) 

# Not a target:
name.c:
#  Implicit rule search has not been done.
#  Modification time never checked.
#  File has not been updated.

# Not a target:
move.c:
#  Implicit rule search has been done.
#  Last modified 2023-03-30 06:47:47
#  File has been updated.
#  Successfully updated.

inventaire.o: inventaire.c
#  Implicit rule search has not been done.
#  Modification time never checked.
#  File has not been updated.
#  recipe to execute (from 'Makefile', line 22):
	$(CC) $(CFLAGS) -c inventaire.c $(INCLUDES)

all: jeu.exe
#  Command line target.
#  Implicit rule search has been done.
#  File does not exist.
#  File has been updated.
#  Needs to be updated (-q is set).
# variable set hash-table stats:
# Load=0/32=0%, Rehash=0, Collisions=0/8=0%

# Not a target:
main.c:
#  Implicit rule search has not been done.
#  Modification time never checked.
#  File has not been updated.

# Not a target:
.SUFFIXES:
#  Implicit rule search has not been done.
#  Modification time never checked.
#  File has not been updated.

# Not a target:
Makefile:
#  Implicit rule search has been done.
#  Last modified 2023-03-29 20:01:13
#  File has been updated.
#  Successfully updated.

# Not a target:
menu.c:
#  Implicit rule search has been done.
#  Last modified 2023-03-29 15:26:11
#  File has been updated.
#  Successfully updated.

deplacementRantanplan.o: deplacementRantanplan.c
#  Implicit rule search has not been done.
#  Modification time never checked.
#  File has not been updated.
#  recipe to execute (from 'Makefile', line 49):
	$(CC) $(CFLAGS) -c deplacementRantanplan.c $(INCLUDES)

outil.o: outil.c
#  Implicit rule search has not been done.
#  Modification time never checked.
#  File has not been updated.
#  recipe to execute (from 'Makefile', line 40):
	$(CC) $(CFLAGS) -c outil.c $(INCLUDES)

action.o: action.c
#  Implicit rule search has not been done.
#  Modification time never checked.
#  File has not been updated.
#  recipe to execute (from 'Makefile', line 34):
	$(CC) $(CFLAGS) -c action.c $(INCLUDES)

# Not a target:
inventaire.c:
#  Implicit rule search has not been done.
#  Modification time never checked.
#  File has not been updated.

personnage.o: personnage.c
#  Implicit rule search has not been done.
#  Modification time never checked.
#  File has not been updated.
#  recipe to execute (from 'Makefile', line 28):
	$(CC) $(CFLAGS) -c personnage.c $(INCLUDES)

deplacementCyclope.o: deplacementCyclope.c
#  Implicit rule search has not been done.
#  Modification time never checked.
#  File has not been updated.
#  recipe to execute (from 'Makefile', line 46):
	$(CC) $(CFLAGS) -c deplacementCyclope.c $(INCLUDES)

mob.o: mob.c
#  Implicit rule search has not been done.
#  Modification time never checked.
#  File has not been updated.
#  recipe to execute (from 'Makefile', line 31):
	$(CC) $(CFLAGS) -c mob.c $(INCLUDES)

bossFight.o: bossFight.c
#  Implicit rule search has not been done.
#  Modification time never checked.
#  File has not been updated.
#  recipe to execute (from 'Makefile', line 43):
	$(CC) $(CFLAGS) -c bossFight.c $(INCLUDES)

# Not a target:
.DEFAULT:
#  Implicit rule search has not been done.
#  Modification time never checked.
#  File has not been updated.

clean:
#  Implicit rule search has not been done.
#  Modification time never checked.
#  File has not been updated.
#  recipe to execute (from 'Makefile', line 52):
	del -f *.o jeu.exe

name.o: name.c
#  Implicit rule search has not been done.
#  Modification time never checked.
#  File has not been updated.
#  recipe to execute (from 'Makefile', line 37):
	$(CC) $(CFLAGS) -c name.c $(INCLUDES)

move.o: move.c
#  Implicit rule search has not been done.
#  Implicit/static pattern stem: ''
#  Last modified 2023-03-30 06:47:39
#  File has been updated.
#  Needs to be updated (-q is set).
# automatic
# @ := move.o
# automatic
# % := 
# automatic
# * := 
# automatic
# + := move.c
# automatic
# | := 
# automatic
# < := move.c
# automatic
# ^ := move.c
# automatic
# ? := move.c
# variable set hash-table stats:
# Load=8/32=25%, Rehash=0, Collisions=1/16=6%
#  recipe to execute (from 'Makefile', line 19):
	$(CC) $(CFLAGS) -c move.c $(INCLUDES)

# Not a target:
deplacementRantanplan.c:
#  Implicit rule search has not been done.
#  Modification time never checked.
#  File has not been updated.

# Not a target:
outil.c:
#  Implicit rule search has not been done.
#  Modification time never checked.
#  File has not been updated.

# Not a target:
action.c:
#  Implicit rule search has not been done.
#  Modification time never checked.
#  File has not been updated.

# Not a target:
personnage.c:
#  Implicit rule search has not been done.
#  Modification time never checked.
#  File has not been updated.

main.o: main.c
#  Implicit rule search has not been done.
#  Modification time never checked.
#  File has not been updated.
#  recipe to execute (from 'Makefile', line 25):
	$(CC) $(CFLAGS) -c main.c $(INCLUDES)

# Not a target:
deplacementCyclope.c:
#  Implicit rule search has not been done.
#  Modification time never checked.
#  File has not been updated.

# Not a target:
mob.c:
#  Implicit rule search has not been done.
#  Modification time never checked.
#  File has not been updated.

# Not a target:
bossFight.c:
#  Implicit rule search has not been done.
#  Modification time never checked.
#  File has not been updated.

menu.o: menu.c
#  Implicit rule search has not been done.
#  Last modified 2023-03-30 06:47:39
#  File has been updated.
#  Successfully updated.
#  recipe to execute (from 'Makefile', line 16):
	$(CC) $(CFLAGS) -c menu.c $(INCLUDES)

# files hash-table stats:
# Load=30/1024=3%, Rehash=0, Collisions=1/80=1%
# VPATH Search Paths

# No 'vpath' search paths.

# No general ('VPATH' variable) search path.

# strcache buffers: 8 (7) / strings = 3973 / storage = 60537 B / avg = 15 B
# current buf: size = 8174 B / used = 3364 B / count = 191 / avg = 17 B
# other used: total = 52363 B / count = 3782 / avg = 13 B
# other free: total = 45 B / max = 15 B / min = 1 B / avg = 6 B

# strcache performance: lookups = 4166 / hit rate = 4%
# hash-table stats:
# Load=3973/8192=48%, Rehash=0, Collisions=1631/4166=39%
# Finished Make data base on Thu Mar 30 06:48:14 2023

 
